<?xml version="1.0" encoding="UTF-8"?>
<!-- Generated by org.testng.reporters.JUnitReportReporter -->
<testsuite hostname="admin-PC" failures="0" tests="2" name="appleBite.AboutTest.ClickAbout" time="29.586" errors="0" timestamp="2020-11-24T11:22:51 EST" skipped="0">
  <testcase classname="appleBite.AboutTest.ClickAbout" name="clickAboutUs" time="14.168"/>
  <system-out/>
  <testcase classname="appleBite.AboutTest.ClickAbout" name="verifyAboutext" time="15.418"/>
  <system-out/>
</testsuite> <!-- appleBite.AboutTest.ClickAbout -->
