<?xml version="1.0" encoding="UTF-8"?>
<!-- Generated by org.testng.reporters.JUnitReportReporter -->
<testsuite hostname="admin-PC" failures="0" tests="2" name="appleBite.AboutTest.ClickAbout" time="50.189" errors="0" timestamp="2020-11-23T11:17:22 EST" skipped="0">
  <testcase classname="appleBite.AboutTest.ClickAbout" name="verifyAboutext" time="15.661"/>
  <system-out/>
  <testcase classname="appleBite.AboutTest.ClickAbout" name="clickAboutUs" time="34.528"/>
  <system-out/>
</testsuite> <!-- appleBite.AboutTest.ClickAbout -->
