<?xml version="1.0" encoding="UTF-8"?>
<!-- Generated by org.testng.reporters.JUnitReportReporter -->
<testsuite hostname="admin-PC" failures="0" tests="2" name="com.appleBite.AboutTest.clickAbout" time="42.765" errors="0" timestamp="2020-11-23T21:28:35 EST" skipped="0">
  <testcase classname="com.appleBite.AboutTest.clickAbout" name="verifyAboutext" time="32.319"/>
  <system-out/>
  <testcase classname="com.appleBite.AboutTest.clickAbout" name="clickAboutUs" time="10.446"/>
  <system-out/>
</testsuite> <!-- com.appleBite.AboutTest.clickAbout -->
