<?xml version="1.0" encoding="UTF-8"?>
<!-- Generated by org.testng.reporters.JUnitReportReporter -->
<testsuite hostname="admin-PC" failures="0" tests="2" name="com.appleBite.AboutTest.clickAbout" time="30.867" errors="0" timestamp="2020-11-24T11:26:39 EST" skipped="0">
  <testcase classname="com.appleBite.AboutTest.clickAbout" name="verifyAboutext" time="14.955"/>
  <system-out/>
  <testcase classname="com.appleBite.AboutTest.clickAbout" name="clickAboutUs" time="15.912"/>
  <system-out/>
</testsuite> <!-- com.appleBite.AboutTest.clickAbout -->
