<?xml version="1.0" encoding="UTF-8"?>
<!-- Generated by org.testng.reporters.JUnitReportReporter -->
<testsuite hostname="admin-PC" failures="0" tests="2" name="com.applebite.test.AboutTest" time="21.125" errors="0" timestamp="2020-11-21T00:17:58 EST" skipped="0">
  <testcase classname="com.applebite.test.AboutTest" name="clickAboutUs" time="7.690"/>
  <system-out/>
  <testcase classname="com.applebite.test.AboutTest" name="verifyAboutext" time="13.435"/>
  <system-out/>
</testsuite> <!-- com.applebite.test.AboutTest -->
